<?xml version="1.0" encoding="UTF-8"?>
<testng-results ignored="0" total="1" passed="1" failed="0" skipped="0">
  <reporter-output>
  </reporter-output>
  <suite started-at="2021-12-16T14:52:39Z" name="User_LiveGuru99" finished-at="2021-12-16T14:53:23Z" duration-ms="43549">
    <groups>
    </groups>
    <test started-at="2021-12-16T14:52:39Z" name="Run on FIREFOX" finished-at="2021-12-16T14:53:23Z" duration-ms="43549">
      <class name="com.liveguru.admin.TC_01_Check_Account_Created_Success">
        <test-method is-config="true" signature="deleteAllFileInFolder()[pri:0, instance:com.liveguru.admin.TC_01_Check_Account_Created_Success@7026b7ee]" started-at="2021-12-16T14:52:39Z" name="deleteAllFileInFolder" finished-at="2021-12-16T14:52:39Z" duration-ms="57" status="PASS">
          <reporter-output>
          </reporter-output>
        </test-method> <!-- deleteAllFileInFolder -->
        <test-method is-config="true" signature="initBrowser(java.lang.String, java.lang.String, java.lang.String)[pri:0, instance:com.liveguru.admin.TC_01_Check_Account_Created_Success@7026b7ee]" started-at="2021-12-16T14:52:39Z" name="initBrowser" finished-at="2021-12-16T14:53:22Z" duration-ms="42731" status="PASS">
          <params>
            <param index="0">
              <value>
                <![CDATA[firefox]]>
              </value>
            </param>
            <param index="1">
              <value>
                <![CDATA[http://live.techpanda.org/]]>
              </value>
            </param>
            <param index="2">
              <value>
                <![CDATA[http://live.techpanda.org/index.php/backendlogin/index/index/key]]>
              </value>
            </param>
          </params>
          <reporter-output>
          </reporter-output>
        </test-method> <!-- initBrowser -->
        <test-method signature="Register_01_Success_To_System()[pri:0, instance:com.liveguru.admin.TC_01_Check_Account_Created_Success@7026b7ee]" started-at="2021-12-16T14:53:22Z" name="Register_01_Success_To_System" finished-at="2021-12-16T14:53:22Z" duration-ms="229" status="PASS">
          <reporter-output>
          </reporter-output>
        </test-method> <!-- Register_01_Success_To_System -->
      </class> <!-- com.liveguru.admin.TC_01_Check_Account_Created_Success -->
    </test> <!-- Run on FIREFOX -->
  </suite> <!-- User_LiveGuru99 -->
</testng-results>
